#
# A fatal error has been detected by the Java Runtime Environment:
#
#  EXCEPTION_ACCESS_VIOLATION (0xc0000005) at pc=0x0000000063ab6edf, pid=2180, tid=0x00000000000017cc
#
# JRE version: Java(TM) SE Runtime Environment (8.0_144-b01) (build 1.8.0_144-b01)
# Java VM: Java HotSpot(TM) 64-Bit Server VM (25.144-b01 mixed mode windows-amd64 compressed oops)
# Problematic frame:
# V  [jvm.dll+0xf6edf]
#
# Failed to write core dump. Minidumps are not enabled by default on client versions of Windows
#
# If you would like to submit a bug report, please visit:
#   http://bugreport.java.com/bugreport/crash.jsp
#

---------------  T H R E A D  ---------------

Current thread (0x0000000017928000):  VMThread [stack: 0x00000000189d0000,0x0000000018ad0000] [id=6092]

siginfo: ExceptionCode=0xc0000005, reading address 0x0000000017600bd0

Registers:
RAX=0x0000000000194520, RBX=0x0000000000000001, RCX=0x000000001746c6a0, RDX=0x000000000000ca29
RSP=0x0000000018acf0d8, RBP=0x0000000018acf650, RSI=0x0000000018acf7e0, RDI=0x0000000018acf7e0
R8 =0x0000000000000000, R9 =0x000000001746be28, R10=0x0000000000000007, R11=0x000000001746baae
R12=0x0000000019be9e88, R13=0x0000000018acf610, R14=0x00000000000003d8, R15=0x0000000018acf600
RIP=0x0000000063ab6edf, EFLAGS=0x0000000000010202

Top of Stack: (sp=0x0000000018acf0d8)
0x0000000018acf0d8:   0000000063abea10 0000000063fc4868
0x0000000018acf0e8:   0000000000000000 0000000018acf7e0
0x0000000018acf0f8:   0000000000000004 0000000018acf120
0x0000000018acf108:   0000000000000003 0000000063fc4868
0x0000000018acf118:   0000000002c6b190 0000000000000014
0x0000000018acf128:   ffffffff00000004 0000000018acf150
0x0000000018acf138:   0000000000000002 000000002fffffff
0x0000000018acf148:   0000000018acf7a0 4fffffff4fffffff
0x0000000018acf158:   0000000018acf6a0 0000000018acf7a0
0x0000000018acf168:   0000000063abeb96 000000004fffffff
0x0000000018acf178:   0000000000000000 0000000018acf7a0
0x0000000018acf188:   0000000000000000 0000000000000000
0x0000000018acf198:   0000000000000000 0000000063fc4868
0x0000000018acf1a8:   0000000019cbce30 0000000000000046
0x0000000018acf1b8:   0000000000000004 0000000018acf1e0
0x0000000018acf1c8:   0000000000000003 000000002fffffff 

Instructions: (pc=0x0000000063ab6edf)
0x0000000063ab6ebf:   74 3e 85 d2 79 13 f7 d2 48 63 c2 48 c1 e0 05 48
0x0000000063ab6ecf:   8b 44 08 10 0f b7 c0 eb 12 48 63 c2 48 c1 e0 05
0x0000000063ab6edf:   48 8b 44 08 10 0f b7 d0 48 63 c2 41 0f b7 4c c1
0x0000000063ab6eef:   52 48 63 c1 41 0f b7 44 c1 52 49 8b 44 c1 50 c3 


Register to memory mapping:

RAX=0x0000000000194520 is an unknown value
RBX=0x0000000000000001 is an unknown value
RCX=0x000000001746c6a0 is pointing into metadata
RDX=0x000000000000ca29 is an unknown value
RSP=0x0000000018acf0d8 is an unknown value
RBP=0x0000000018acf650 is an unknown value
RSI=0x0000000018acf7e0 is an unknown value
RDI=0x0000000018acf7e0 is an unknown value
R8 =0x0000000000000000 is an unknown value
R9 =0x000000001746be28 is pointing into metadata
R10=0x0000000000000007 is an unknown value
R11=0x000000001746baae is pointing into metadata
R12=0x0000000019be9e88 is an unknown value
R13=0x0000000018acf610 is an unknown value
R14=0x00000000000003d8 is an unknown value
R15=0x0000000018acf600 is an unknown value


Stack: [0x00000000189d0000,0x0000000018ad0000],  sp=0x0000000018acf0d8,  free space=1020k
Native frames: (J=compiled Java code, j=interpreted, Vv=VM code, C=native code)
V  [jvm.dll+0xf6edf]

VM_Operation (0x000000001947f3c0): GetOrSetLocal, mode: safepoint, requested by thread 0x0000000017966800


---------------  P R O C E S S  ---------------

Java Threads: ( => current thread )
  0x00000000199de800 JavaThread "Service Thread" daemon [_thread_blocked, id=4348, stack(0x0000000019d80000,0x0000000019e80000)]
  0x0000000017993000 JavaThread "C1 CompilerThread2" daemon [_thread_blocked, id=10188, stack(0x0000000019880000,0x0000000019980000)]
  0x0000000017989800 JavaThread "C2 CompilerThread1" daemon [_thread_blocked, id=5872, stack(0x0000000019780000,0x0000000019880000)]
  0x0000000017984800 JavaThread "C2 CompilerThread0" daemon [_thread_blocked, id=13260, stack(0x0000000019680000,0x0000000019780000)]
  0x0000000017983000 JavaThread "JDWP Command Reader" daemon [_thread_in_native, id=4180, stack(0x0000000019580000,0x0000000019680000)]
  0x0000000017977000 JavaThread "JDWP Event Helper Thread" daemon [_thread_blocked, id=12524, stack(0x0000000019480000,0x0000000019580000)]
  0x0000000017966800 JavaThread "JDWP Transport Listener: dt_socket" daemon [_thread_blocked, id=1580, stack(0x0000000019380000,0x0000000019480000)]
  0x000000001795d000 JavaThread "Attach Listener" daemon [_thread_blocked, id=6900, stack(0x0000000018eb0000,0x0000000018fb0000)]
  0x000000001795b800 JavaThread "Signal Dispatcher" daemon [_thread_blocked, id=7252, stack(0x0000000018db0000,0x0000000018eb0000)]
  0x000000001794a800 JavaThread "Finalizer" daemon [_thread_blocked, id=11456, stack(0x0000000018bd0000,0x0000000018cd0000)]
  0x0000000002d10800 JavaThread "Reference Handler" daemon [_thread_blocked, id=9592, stack(0x0000000018ad0000,0x0000000018bd0000)]
  0x0000000002c22800 JavaThread "main" [_thread_blocked, id=5676, stack(0x0000000001510000,0x0000000001610000)]

Other Threads:
=>0x0000000017928000 VMThread [stack: 0x00000000189d0000,0x0000000018ad0000] [id=6092]
  0x00000000199e4800 WatcherThread [stack: 0x0000000019e80000,0x0000000019f80000] [id=5452]

VM state:at safepoint (normal execution)

VM Mutex/Monitor currently owned by a thread:  ([mutex/lock_event])
[0x0000000002dadbb0] Threads_lock - owner thread: 0x0000000017928000

Heap:
 PSYoungGen      total 38400K, used 4928K [0x00000000d5e00000, 0x00000000d8880000, 0x0000000100000000)
  eden space 33280K, 14% used [0x00000000d5e00000,0x00000000d62d0270,0x00000000d7e80000)
  from space 5120K, 0% used [0x00000000d8380000,0x00000000d8380000,0x00000000d8880000)
  to   space 5120K, 0% used [0x00000000d7e80000,0x00000000d7e80000,0x00000000d8380000)
 ParOldGen       total 87552K, used 0K [0x0000000081a00000, 0x0000000086f80000, 0x00000000d5e00000)
  object space 87552K, 0% used [0x0000000081a00000,0x0000000081a00000,0x0000000086f80000)
 Metaspace       used 3876K, capacity 5272K, committed 5376K, reserved 1056768K
  class space    used 390K, capacity 456K, committed 512K, reserved 1048576K

Card table byte_map: [0x00000000121e0000,0x00000000125e0000] byte_map_base: 0x0000000011dd3000

Marking Bits: (ParMarkBitMap*) 0x00000000641dd850
 Begin Bits: [0x0000000012c90000, 0x0000000014c28000)
 End Bits:   [0x0000000014c28000, 0x0000000016bc0000)

Polling page: 0x0000000001490000

CodeCache: size=245760Kb used=1374Kb max_used=1374Kb free=244385Kb
 bounds [0x0000000002e20000, 0x0000000003090000, 0x0000000011e20000]
 total_blobs=378 nmethods=143 adapters=156
 compilation: enabled

Compilation events (10 events):
Event: 0.403 Thread 0x0000000017993000  138  s    3       sun.misc.PerfCounter::add (18 bytes)
Event: 0.404 Thread 0x0000000017993000 nmethod 138 0x0000000002f750d0 code [0x0000000002f75260, 0x0000000002f758f8]
Event: 0.404 Thread 0x0000000017993000  139       1       java.net.URLClassLoader::access$000 (5 bytes)
Event: 0.404 Thread 0x0000000017993000 nmethod 139 0x0000000002f75b90 code [0x0000000002f75ce0, 0x0000000002f75dd0]
Event: 0.404 Thread 0x0000000017993000  140       1       java.security.CodeSource::getLocation (5 bytes)
Event: 0.404 Thread 0x0000000017993000 nmethod 140 0x0000000002f75e50 code [0x0000000002f75fa0, 0x0000000002f760b0]
Event: 0.405 Thread 0x0000000017993000  142       3       java.util.ArrayList::rangeCheck (22 bytes)
Event: 0.406 Thread 0x0000000017993000 nmethod 142 0x0000000002f764d0 code [0x0000000002f766e0, 0x0000000002f77198]
Event: 0.406 Thread 0x0000000017993000  143       3       sun.misc.URLClassPath::getResource (83 bytes)
Event: 0.406 Thread 0x0000000017993000 nmethod 143 0x0000000002f77790 code [0x0000000002f77920, 0x0000000002f77d08]

GC Heap History (0 events):
No events

Deoptimization events (0 events):
No events

Internal exceptions (2 events):
Event: 0.046 Thread 0x0000000002c22800 Exception <a 'java/lang/NoSuchMethodError': Method sun.misc.Unsafe.defineClass(Ljava/lang/String;[BII)Ljava/lang/Class; name or signature does not match> (0x00000000d5e07ca8) thrown at [C:\re\workspace\8-2-build-windows-amd64-cygwin\jdk8u144\9417\hotspot\
Event: 0.046 Thread 0x0000000002c22800 Exception <a 'java/lang/NoSuchMethodError': Method sun.misc.Unsafe.prefetchRead(Ljava/lang/Object;J)V name or signature does not match> (0x00000000d5e07f90) thrown at [C:\re\workspace\8-2-build-windows-amd64-cygwin\jdk8u144\9417\hotspot\src\share\vm\prims

Events (10 events):
Event: 42.753 Executing VM operation: EnterInterpOnlyMode done
Event: 42.753 Executing VM operation: GetCurrentLocation
Event: 42.753 Executing VM operation: GetCurrentLocation done
Event: 42.753 Executing VM operation: ChangeSingleStep
Event: 42.753 Executing VM operation: ChangeSingleStep done
Event: 42.753 Executing VM operation: GetOrSetLocal
Event: 42.754 Executing VM operation: GetOrSetLocal done
Event: 42.755 Executing VM operation: ChangeSingleStep
Event: 42.755 Executing VM operation: ChangeSingleStep done
Event: 42.787 Executing VM operation: GetOrSetLocal


Dynamic libraries:
0x00007ff725fd0000 - 0x00007ff726007000 	C:\Program Files\Java\jre1.8.0_144\bin\javaw.exe
0x00007ffc7c7b0000 - 0x00007ffc7c971000 	C:\windows\SYSTEM32\ntdll.dll
0x00007ffc7bcb0000 - 0x00007ffc7bd5d000 	C:\windows\system32\KERNEL32.DLL
0x00007ffc78ee0000 - 0x00007ffc790c8000 	C:\windows\system32\KERNELBASE.dll
0x00000000650d0000 - 0x0000000065159000 	C:\windows\System32\SYSFER.DLL
0x00007ffc79f20000 - 0x00007ffc79fc7000 	C:\windows\system32\ADVAPI32.dll
0x00007ffc79e80000 - 0x00007ffc79f1d000 	C:\windows\system32\msvcrt.dll
0x00007ffc7b6c0000 - 0x00007ffc7b71b000 	C:\windows\system32\sechost.dll
0x00007ffc7bd80000 - 0x00007ffc7be9d000 	C:\windows\system32\RPCRT4.dll
0x00007ffc7c4e0000 - 0x00007ffc7c636000 	C:\windows\system32\USER32.dll
0x00007ffc79bc0000 - 0x00007ffc79d47000 	C:\windows\system32\GDI32.dll
0x00007ffc718e0000 - 0x00007ffc71b54000 	C:\windows\WinSxS\amd64_microsoft.windows.common-controls_6595b64144ccf1df_6.0.10586.839_none_a2ddba30a539a2ae\COMCTL32.dll
0x00007ffc7ba30000 - 0x00007ffc7bcae000 	C:\windows\system32\combase.dll
0x00007ffc79b40000 - 0x00007ffc79baa000 	C:\windows\system32\bcryptPrimitives.dll
0x00007ffc7c4a0000 - 0x00007ffc7c4db000 	C:\windows\system32\IMM32.DLL
0x00000000646c0000 - 0x0000000064792000 	C:\Program Files\Java\jre1.8.0_144\bin\msvcr100.dll
0x00000000639c0000 - 0x000000006425d000 	C:\Program Files\Java\jre1.8.0_144\bin\server\jvm.dll
0x00007ffc79dc0000 - 0x00007ffc79dc8000 	C:\windows\system32\PSAPI.DLL
0x00007ffc76640000 - 0x00007ffc76649000 	C:\windows\SYSTEM32\WSOCK32.dll
0x00007ffc7bea0000 - 0x00007ffc7bf0b000 	C:\windows\system32\WS2_32.dll
0x00007ffc77210000 - 0x00007ffc77233000 	C:\windows\SYSTEM32\WINMM.dll
0x00007ffc71bc0000 - 0x00007ffc71bca000 	C:\windows\SYSTEM32\VERSION.dll
0x00007ffc76d90000 - 0x00007ffc76dbc000 	C:\windows\SYSTEM32\WINMMBASE.dll
0x00007ffc79af0000 - 0x00007ffc79b33000 	C:\windows\system32\cfgmgr32.dll
0x0000000064500000 - 0x000000006450f000 	C:\Program Files\Java\jre1.8.0_144\bin\verify.dll
0x0000000063990000 - 0x00000000639b9000 	C:\Program Files\Java\jre1.8.0_144\bin\java.dll
0x0000000064680000 - 0x00000000646b5000 	C:\Program Files\Java\jre1.8.0_144\bin\jdwp.dll
0x0000000064670000 - 0x0000000064678000 	C:\Program Files\Java\jre1.8.0_144\bin\npt.dll
0x0000000063970000 - 0x0000000063986000 	C:\Program Files\Java\jre1.8.0_144\bin\zip.dll
0x00007ffc7a030000 - 0x00007ffc7b58c000 	C:\windows\system32\SHELL32.dll
0x00007ffc790d0000 - 0x00007ffc79715000 	C:\windows\system32\windows.storage.dll
0x00007ffc7b590000 - 0x00007ffc7b5e2000 	C:\windows\system32\shlwapi.dll
0x00007ffc78e50000 - 0x00007ffc78e5f000 	C:\windows\system32\kernel.appcore.dll
0x00007ffc79860000 - 0x00007ffc79915000 	C:\windows\system32\shcore.dll
0x00007ffc78de0000 - 0x00007ffc78e2b000 	C:\windows\system32\powrprof.dll
0x00007ffc78e30000 - 0x00007ffc78e44000 	C:\windows\system32\profapi.dll
0x0000000064660000 - 0x0000000064669000 	C:\Program Files\Java\jre1.8.0_144\bin\dt_socket.dll
0x00007ffc66070000 - 0x00007ffc66086000 	C:\windows\system32\napinsp.dll
0x00007ffc65010000 - 0x00007ffc6502a000 	C:\windows\system32\pnrpnsp.dll
0x00007ffc76d70000 - 0x00007ffc76d88000 	C:\windows\system32\NLAapi.dll
0x00007ffc786a0000 - 0x00007ffc786fc000 	C:\windows\System32\mswsock.dll
0x00007ffc77840000 - 0x00007ffc778ea000 	C:\windows\SYSTEM32\DNSAPI.dll
0x00007ffc7c490000 - 0x00007ffc7c498000 	C:\windows\system32\NSI.dll
0x00007ffc74c60000 - 0x00007ffc74c6d000 	C:\windows\System32\winrnr.dll
0x0000000064cf0000 - 0x0000000064d16000 	C:\Program Files\Bonjour\mdnsNSP.dll
0x00007ffc758f0000 - 0x00007ffc75928000 	C:\windows\SYSTEM32\Iphlpapi.DLL
0x00007ffc72010000 - 0x00007ffc72025000 	C:\windows\System32\wshbth.dll
0x00007ffc702c0000 - 0x00007ffc70327000 	C:\windows\System32\fwpuclnt.dll
0x00007ffc78c60000 - 0x00007ffc78c89000 	C:\windows\SYSTEM32\bcrypt.dll
0x00007ffc69160000 - 0x00007ffc6916a000 	C:\Windows\System32\rasadhlp.dll
0x00007ffc75b20000 - 0x00007ffc75cac000 	C:\windows\SYSTEM32\dbghelp.dll

VM Arguments:
jvm_args: -agentlib:jdwp=transport=dt_socket,suspend=y,address=localhost:51553 -Dfile.encoding=Cp1252 
java_command: TesterClasses
java_class_path (initial): C:\Program Files\Java\jre1.8.0_144\lib\resources.jar;C:\Program Files\Java\jre1.8.0_144\lib\rt.jar;C:\Program Files\Java\jre1.8.0_144\lib\jsse.jar;C:\Program Files\Java\jre1.8.0_144\lib\jce.jar;C:\Program Files\Java\jre1.8.0_144\lib\charsets.jar;C:\Program Files\Java\jre1.8.0_144\lib\jfr.jar;C:\Program Files\Java\jre1.8.0_144\lib\ext\access-bridge-64.jar;C:\Program Files\Java\jre1.8.0_144\lib\ext\cldrdata.jar;C:\Program Files\Java\jre1.8.0_144\lib\ext\dnsns.jar;C:\Program Files\Java\jre1.8.0_144\lib\ext\jaccess.jar;C:\Program Files\Java\jre1.8.0_144\lib\ext\jfxrt.jar;C:\Program Files\Java\jre1.8.0_144\lib\ext\localedata.jar;C:\Program Files\Java\jre1.8.0_144\lib\ext\nashorn.jar;C:\Program Files\Java\jre1.8.0_144\lib\ext\sunec.jar;C:\Program Files\Java\jre1.8.0_144\lib\ext\sunjce_provider.jar;C:\Program Files\Java\jre1.8.0_144\lib\ext\sunmscapi.jar;C:\Program Files\Java\jre1.8.0_144\lib\ext\sunpkcs11.jar;C:\Program Files\Java\jre1.8.0_144\lib\ext\zipfs.jar;C:\Users\yaeav\Documents\YU\YU Classes\Fall 2017\Data Structures\localGitRepo\Yair-Wasserman\homework\final project\SemesterProject\target\classes;C:\Users\yaeav\Documents\YU\YU Classes\Fall 2017\Data Structures Parser\simplesqlparser\SimpleSQLParser\target\classes;C:\Users\yaeav\.m2\repository\com\github\jsqlparser\jsqlparser\0.9.6\jsqlparser-0.9.6.jar
Launcher Type: SUN_STANDARD

Environment Variables:
JAVA_HOME=C:\Program Files\Java\jdk1.8.0_144\
PATH=C:/Program Files/Java/jre1.8.0_144/bin/server;C:/Program Files/Java/jre1.8.0_144/bin;C:/Program Files/Java/jre1.8.0_144/lib/amd64;C:\ProgramData\Oracle\Java\javapath;C:\Program Files (x86)\Intel\iCLS Client\;C:\Program Files\Intel\iCLS Client\;C:\windows\system32;C:\windows;C:\windows\System32\Wbem;C:\windows\System32\WindowsPowerShell\v1.0\;C:\Program Files (x86)\Intel\Intel(R) Management Engine Components\DAL;C:\Program Files\Intel\Intel(R) Management Engine Components\DAL;C:\Program Files (x86)\Intel\Intel(R) Management Engine Components\IPT;C:\Program Files\Intel\Intel(R) Management Engine Components\IPT;C:\Program Files\Git\cmd;C:\Program Files\Java\jdk1.8.0_144\bin;c:\Program Files\Intel\WiFi\bin\;c:\Program Files\Common Files\Intel\WirelessCommon\;C:\Users\yaeav\Documents\YU\YU Classes\Fall 2017\Data Structures\apache-maven-3.5.0\bin;c:\Program Files\Intel\WiFi\bin\;c:\Program Files\Common Files\Intel\WirelessCommon\;C:\Program Files\Eclipse\Neon\eclipse;
USERNAME=yaeav
OS=Windows_NT
PROCESSOR_IDENTIFIER=Intel64 Family 6 Model 78 Stepping 3, GenuineIntel



---------------  S Y S T E M  ---------------

OS: Windows 10.0 , 64 bit Build 10586 (10.0.10586.589)

CPU:total 4 (initial active 4) (2 cores per cpu, 2 threads per core) family 6 model 78 stepping 3, cmov, cx8, fxsr, mmx, sse, sse2, sse3, ssse3, sse4.1, sse4.2, popcnt, avx, avx2, aes, clmul, erms, rtm, 3dnowpref, lzcnt, ht, tsc, tscinvbit, bmi1, bmi2, adx

Memory: 4k page, physical 8275872k(4024236k free), swap 9586592k(4748020k free)

vm_info: Java HotSpot(TM) 64-Bit Server VM (25.144-b01) for windows-amd64 JRE (1.8.0_144-b01), built on Jul 21 2017 21:57:33 by "java_re" with MS VC++ 10.0 (VS2010)

time: Tue Nov 28 22:51:58 2017
elapsed time: 42 seconds (0d 0h 0m 42s)

